# JRE version: Java(TM) SE Runtime Environment (8.0_51-b16) (build 1.8.0_51-b16)
# Java VM: Java HotSpot(TM) 64-Bit Server VM (25.51-b03 mixed mode windows-amd64 compressed oops)
Heap:
 PSYoungGen      total 265216K, used 117358K [0x00000000d6c00000, 0x00000000e7d00000, 0x0000000100000000)
  eden space 252416K, 46% used [0x00000000d6c00000,0x00000000dde9bb38,0x00000000e6280000)
  from space 12800K, 0% used [0x00000000e6280000,0x00000000e6280000,0x00000000e6f00000)
  to   space 11264K, 0% used [0x00000000e6f00000,0x00000000e6f00000,0x00000000e7a00000)
 ParOldGen       total 74240K, used 22654K [0x0000000084400000, 0x0000000088c80000, 0x00000000d6c00000)
  object space 74240K, 30% used [0x0000000084400000,0x0000000085a1fa40,0x0000000088c80000)
 Metaspace       used 29950K, capacity 30580K, committed 30848K, reserved 1075200K
  class space    used 3846K, capacity 4153K, committed 4224K, reserved 1048576K
GC Heap History (10 events):
Event: 3.416 GC heap before
{Heap before GC invocations=4 (full 0):
 PSYoungGen      total 68608K, used 68590K [0x00000000d6c00000, 0x00000000df200000, 0x0000000100000000)
  eden space 63488K, 100% used [0x00000000d6c00000,0x00000000daa00000,0x00000000daa00000)
  from space 5120K, 99% used [0x00000000daa00000,0x00000000daefb948,0x00000000daf00000)
  to   space 5120K, 0% used [0x00000000ded00000,0x00000000ded00000,0x00000000df200000)
 ParOldGen       total 84992K, used 3183K [0x0000000084400000, 0x0000000089700000, 0x00000000d6c00000)
  object space 84992K, 3% used [0x0000000084400000,0x000000008471bfd0,0x0000000089700000)
 Metaspace       used 16613K, capacity 16750K, committed 17152K, reserved 1064960K
  class space    used 2133K, capacity 2180K, committed 2304K, reserved 1048576K
Event: 3.446 GC heap after
Heap after GC invocations=4 (full 0):
 PSYoungGen      total 132096K, used 5099K [0x00000000d6c00000, 0x00000000df200000, 0x0000000100000000)
  eden space 126976K, 0% used [0x00000000d6c00000,0x00000000d6c00000,0x00000000de800000)
  from space 5120K, 99% used [0x00000000ded00000,0x00000000df1fae58,0x00000000df200000)
  to   space 5120K, 0% used [0x00000000de800000,0x00000000de800000,0x00000000ded00000)
 ParOldGen       total 84992K, used 5777K [0x0000000084400000, 0x0000000089700000, 0x00000000d6c00000)
  object space 84992K, 6% used [0x0000000084400000,0x00000000849a4688,0x0000000089700000)
 Metaspace       used 16613K, capacity 16750K, committed 17152K, reserved 1064960K
  class space    used 2133K, capacity 2180K, committed 2304K, reserved 1048576K
}
Event: 4.392 GC heap before
{Heap before GC invocations=5 (full 0):
 PSYoungGen      total 132096K, used 132075K [0x00000000d6c00000, 0x00000000df200000, 0x0000000100000000)
  eden space 126976K, 100% used [0x00000000d6c00000,0x00000000de800000,0x00000000de800000)
  from space 5120K, 99% used [0x00000000ded00000,0x00000000df1fae58,0x00000000df200000)
  to   space 5120K, 0% used [0x00000000de800000,0x00000000de800000,0x00000000ded00000)
 ParOldGen       total 84992K, used 5777K [0x0000000084400000, 0x0000000089700000, 0x00000000d6c00000)
  object space 84992K, 6% used [0x0000000084400000,0x00000000849a4688,0x0000000089700000)
 Metaspace       used 16856K, capacity 17018K, committed 17408K, reserved 1064960K
  class space    used 2136K, capacity 2182K, committed 2304K, reserved 1048576K
Event: 4.426 GC heap after
Heap after GC invocations=5 (full 0):
 PSYoungGen      total 132096K, used 5115K [0x00000000d6c00000, 0x00000000e7a00000, 0x0000000100000000)
  eden space 126976K, 0% used [0x00000000d6c00000,0x00000000d6c00000,0x00000000de800000)
  from space 5120K, 99% used [0x00000000de800000,0x00000000decfee68,0x00000000ded00000)
  to   space 11264K, 0% used [0x00000000e6f00000,0x00000000e6f00000,0x00000000e7a00000)
 ParOldGen       total 84992K, used 11097K [0x0000000084400000, 0x0000000089700000, 0x00000000d6c00000)
  object space 84992K, 13% used [0x0000000084400000,0x0000000084ed64d8,0x0000000089700000)
 Metaspace       used 16856K, capacity 17018K, committed 17408K, reserved 1064960K
  class space    used 2136K, capacity 2182K, committed 2304K, reserved 1048576K
}
Event: 5.660 GC heap before
{Heap before GC invocations=6 (full 0):
 PSYoungGen      total 132096K, used 132091K [0x00000000d6c00000, 0x00000000e7a00000, 0x0000000100000000)
  eden space 126976K, 100% used [0x00000000d6c00000,0x00000000de800000,0x00000000de800000)
  from space 5120K, 99% used [0x00000000de800000,0x00000000decfee68,0x00000000ded00000)
  to   space 11264K, 0% used [0x00000000e6f00000,0x00000000e6f00000,0x00000000e7a00000)
 ParOldGen       total 84992K, used 11097K [0x0000000084400000, 0x0000000089700000, 0x00000000d6c00000)
  object space 84992K, 13% used [0x0000000084400000,0x0000000084ed64d8,0x0000000089700000)
 Metaspace       used 17217K, capacity 17414K, committed 17664K, reserved 1064960K
  class space    used 2137K, capacity 2184K, committed 2304K, reserved 1048576K
Event: 5.707 GC heap after
Heap after GC invocations=6 (full 0):
 PSYoungGen      total 263680K, used 10395K [0x00000000d6c00000, 0x00000000e7d00000, 0x0000000100000000)
  eden space 252416K, 0% used [0x00000000d6c00000,0x00000000d6c00000,0x00000000e6280000)
  from space 11264K, 92% used [0x00000000e6f00000,0x00000000e7926e48,0x00000000e7a00000)
  to   space 12800K, 0% used [0x00000000e6280000,0x00000000e6280000,0x00000000e6f00000)
 ParOldGen       total 84992K, used 11097K [0x0000000084400000, 0x0000000089700000, 0x00000000d6c00000)
  object space 84992K, 13% used [0x0000000084400000,0x0000000084ed64d8,0x0000000089700000)
 Metaspace       used 17217K, capacity 17414K, committed 17664K, reserved 1064960K
  class space    used 2137K, capacity 2184K, committed 2304K, reserved 1048576K
}
Event: 6.800 GC heap before
{Heap before GC invocations=7 (full 0):
 PSYoungGen      total 263680K, used 91067K [0x00000000d6c00000, 0x00000000e7d00000, 0x0000000100000000)
  eden space 252416K, 31% used [0x00000000d6c00000,0x00000000dbac7f00,0x00000000e6280000)
  from space 11264K, 92% used [0x00000000e6f00000,0x00000000e7926e48,0x00000000e7a00000)
  to   space 12800K, 0% used [0x00000000e6280000,0x00000000e6280000,0x00000000e6f00000)
 ParOldGen       total 84992K, used 11097K [0x0000000084400000, 0x0000000089700000, 0x00000000d6c00000)
  object space 84992K, 13% used [0x0000000084400000,0x0000000084ed64d8,0x0000000089700000)
 Metaspace       used 20919K, capacity 21108K, committed 21248K, reserved 1067008K
  class space    used 2678K, capacity 2730K, committed 2816K, reserved 1048576K
Event: 6.827 GC heap after
Heap after GC invocations=7 (full 0):
 PSYoungGen      total 265216K, used 12783K [0x00000000d6c00000, 0x00000000e7d00000, 0x0000000100000000)
  eden space 252416K, 0% used [0x00000000d6c00000,0x00000000d6c00000,0x00000000e6280000)
  from space 12800K, 99% used [0x00000000e6280000,0x00000000e6efbde0,0x00000000e6f00000)
  to   space 11264K, 0% used [0x00000000e6f00000,0x00000000e6f00000,0x00000000e7a00000)
 ParOldGen       total 84992K, used 14860K [0x0000000084400000, 0x0000000089700000, 0x00000000d6c00000)
  object space 84992K, 17% used [0x0000000084400000,0x00000000852833b0,0x0000000089700000)
 Metaspace       used 20919K, capacity 21108K, committed 21248K, reserved 1067008K
  class space    used 2678K, capacity 2730K, committed 2816K, reserved 1048576K
}
Event: 6.827 GC heap before
{Heap before GC invocations=8 (full 1):
 PSYoungGen      total 265216K, used 12783K [0x00000000d6c00000, 0x00000000e7d00000, 0x0000000100000000)
  eden space 252416K, 0% used [0x00000000d6c00000,0x00000000d6c00000,0x00000000e6280000)
  from space 12800K, 99% used [0x00000000e6280000,0x00000000e6efbde0,0x00000000e6f00000)
  to   space 11264K, 0% used [0x00000000e6f00000,0x00000000e6f00000,0x00000000e7a00000)
 ParOldGen       total 84992K, used 14860K [0x0000000084400000, 0x0000000089700000, 0x00000000d6c00000)
  object space 84992K, 17% used [0x0000000084400000,0x00000000852833b0,0x0000000089700000)
 Metaspace       used 20919K, capacity 21108K, committed 21248K, reserved 1067008K
  class space    used 2678K, capacity 2730K, committed 2816K, reserved 1048576K
Event: 6.959 GC heap after
Heap after GC invocations=8 (full 1):
 PSYoungGen      total 265216K, used 0K [0x00000000d6c00000, 0x00000000e7d00000, 0x0000000100000000)
  eden space 252416K, 0% used [0x00000000d6c00000,0x00000000d6c00000,0x00000000e6280000)
  from space 12800K, 0% used [0x00000000e6280000,0x00000000e6280000,0x00000000e6f00000)
  to   space 11264K, 0% used [0x00000000e6f00000,0x00000000e6f00000,0x00000000e7a00000)
 ParOldGen       total 74240K, used 22654K [0x0000000084400000, 0x0000000088c80000, 0x00000000d6c00000)
  object space 74240K, 30% used [0x0000000084400000,0x0000000085a1fa40,0x0000000088c80000)
 Metaspace       used 20919K, capacity 21108K, committed 21248K, reserved 1067008K
  class space    used 2678K, capacity 2730K, committed 2816K, reserved 1048576K
}

