# JRE version: Java(TM) SE Runtime Environment (8.0_25-b18) (build 1.8.0_25-b18)
# Java VM: Java HotSpot(TM) 64-Bit Server VM (25.25-b02 mixed mode windows-amd64 compressed oops)
Heap:
 PSYoungGen      total 135680K, used 17198K [0x00000000d6c00000, 0x00000000e7b00000, 0x0000000100000000)
  eden space 125952K, 5% used [0x00000000d6c00000,0x00000000d734fa18,0x00000000de700000)
  from space 9728K, 99% used [0x00000000de700000,0x00000000df07c010,0x00000000df080000)
  to   space 12800K, 0% used [0x00000000e6e80000,0x00000000e6e80000,0x00000000e7b00000)
 ParOldGen       total 84992K, used 9816K [0x0000000084400000, 0x0000000089700000, 0x00000000d6c00000)
  object space 84992K, 11% used [0x0000000084400000,0x0000000084d96328,0x0000000089700000)
 Metaspace       used 17560K, capacity 17740K, committed 17920K, reserved 1064960K
  class space    used 2139K, capacity 2185K, committed 2304K, reserved 1048576K
GC Heap History (10 events):
Event: 2.413 GC heap before
{Heap before GC invocations=3 (full 0):
 PSYoungGen      total 36864K, used 36849K [0x00000000d6c00000, 0x00000000d9500000, 0x0000000100000000)
  eden space 31744K, 100% used [0x00000000d6c00000,0x00000000d8b00000,0x00000000d8b00000)
  from space 5120K, 99% used [0x00000000d9000000,0x00000000d94fc590,0x00000000d9500000)
  to   space 5120K, 0% used [0x00000000d8b00000,0x00000000d8b00000,0x00000000d9000000)
 ParOldGen       total 84992K, used 731K [0x0000000084400000, 0x0000000089700000, 0x00000000d6c00000)
  object space 84992K, 0% used [0x0000000084400000,0x00000000844b6fe0,0x0000000089700000)
 Metaspace       used 13977K, capacity 14056K, committed 14208K, reserved 1060864K
  class space    used 1814K, capacity 1844K, committed 1920K, reserved 1048576K
Event: 2.419 GC heap after
Heap after GC invocations=3 (full 0):
 PSYoungGen      total 36864K, used 5097K [0x00000000d6c00000, 0x00000000db400000, 0x0000000100000000)
  eden space 31744K, 0% used [0x00000000d6c00000,0x00000000d6c00000,0x00000000d8b00000)
  from space 5120K, 99% used [0x00000000d8b00000,0x00000000d8ffa5b0,0x00000000d9000000)
  to   space 5120K, 0% used [0x00000000daf00000,0x00000000daf00000,0x00000000db400000)
 ParOldGen       total 84992K, used 1261K [0x0000000084400000, 0x0000000089700000, 0x00000000d6c00000)
  object space 84992K, 1% used [0x0000000084400000,0x000000008453b540,0x0000000089700000)
 Metaspace       used 13977K, capacity 14056K, committed 14208K, reserved 1060864K
  class space    used 1814K, capacity 1844K, committed 1920K, reserved 1048576K
}
Event: 2.876 GC heap before
{Heap before GC invocations=4 (full 0):
 PSYoungGen      total 36864K, used 36841K [0x00000000d6c00000, 0x00000000db400000, 0x0000000100000000)
  eden space 31744K, 100% used [0x00000000d6c00000,0x00000000d8b00000,0x00000000d8b00000)
  from space 5120K, 99% used [0x00000000d8b00000,0x00000000d8ffa5b0,0x00000000d9000000)
  to   space 5120K, 0% used [0x00000000daf00000,0x00000000daf00000,0x00000000db400000)
 ParOldGen       total 84992K, used 1261K [0x0000000084400000, 0x0000000089700000, 0x00000000d6c00000)
  object space 84992K, 1% used [0x0000000084400000,0x000000008453b540,0x0000000089700000)
 Metaspace       used 16856K, capacity 17018K, committed 17280K, reserved 1064960K
  class space    used 2121K, capacity 2168K, committed 2176K, reserved 1048576K
Event: 2.887 GC heap after
Heap after GC invocations=4 (full 0):
 PSYoungGen      total 68608K, used 5114K [0x00000000d6c00000, 0x00000000db400000, 0x0000000100000000)
  eden space 63488K, 0% used [0x00000000d6c00000,0x00000000d6c00000,0x00000000daa00000)
  from space 5120K, 99% used [0x00000000daf00000,0x00000000db3feb98,0x00000000db400000)
  to   space 5120K, 0% used [0x00000000daa00000,0x00000000daa00000,0x00000000daf00000)
 ParOldGen       total 84992K, used 3535K [0x0000000084400000, 0x0000000089700000, 0x00000000d6c00000)
  object space 84992K, 4% used [0x0000000084400000,0x0000000084773e10,0x0000000089700000)
 Metaspace       used 16856K, capacity 17018K, committed 17280K, reserved 1064960K
  class space    used 2121K, capacity 2168K, committed 2176K, reserved 1048576K
}
Event: 3.351 GC heap before
{Heap before GC invocations=5 (full 0):
 PSYoungGen      total 68608K, used 68602K [0x00000000d6c00000, 0x00000000db400000, 0x0000000100000000)
  eden space 63488K, 100% used [0x00000000d6c00000,0x00000000daa00000,0x00000000daa00000)
  from space 5120K, 99% used [0x00000000daf00000,0x00000000db3feb98,0x00000000db400000)
  to   space 5120K, 0% used [0x00000000daa00000,0x00000000daa00000,0x00000000daf00000)
 ParOldGen       total 84992K, used 3535K [0x0000000084400000, 0x0000000089700000, 0x00000000d6c00000)
  object space 84992K, 4% used [0x0000000084400000,0x0000000084773e10,0x0000000089700000)
 Metaspace       used 17036K, capacity 17204K, committed 17408K, reserved 1064960K
  class space    used 2135K, capacity 2181K, committed 2304K, reserved 1048576K
Event: 3.387 GC heap after
Heap after GC invocations=5 (full 0):
 PSYoungGen      total 68608K, used 5114K [0x00000000d6c00000, 0x00000000df900000, 0x0000000100000000)
  eden space 63488K, 0% used [0x00000000d6c00000,0x00000000d6c00000,0x00000000daa00000)
  from space 5120K, 99% used [0x00000000daa00000,0x00000000daefeb98,0x00000000daf00000)
  to   space 8704K, 0% used [0x00000000df080000,0x00000000df080000,0x00000000df900000)
 ParOldGen       total 84992K, used 6123K [0x0000000084400000, 0x0000000089700000, 0x00000000d6c00000)
  object space 84992K, 7% used [0x0000000084400000,0x00000000849fae40,0x0000000089700000)
 Metaspace       used 17036K, capacity 17204K, committed 17408K, reserved 1064960K
  class space    used 2135K, capacity 2181K, committed 2304K, reserved 1048576K
}
Event: 3.847 GC heap before
{Heap before GC invocations=6 (full 0):
 PSYoungGen      total 68608K, used 68602K [0x00000000d6c00000, 0x00000000df900000, 0x0000000100000000)
  eden space 63488K, 100% used [0x00000000d6c00000,0x00000000daa00000,0x00000000daa00000)
  from space 5120K, 99% used [0x00000000daa00000,0x00000000daefeb98,0x00000000daf00000)
  to   space 8704K, 0% used [0x00000000df080000,0x00000000df080000,0x00000000df900000)
 ParOldGen       total 84992K, used 6123K [0x0000000084400000, 0x0000000089700000, 0x00000000d6c00000)
  object space 84992K, 7% used [0x0000000084400000,0x00000000849fae40,0x0000000089700000)
 Metaspace       used 17111K, capacity 17268K, committed 17664K, reserved 1064960K
  class space    used 2136K, capacity 2181K, committed 2304K, reserved 1048576K
Event: 3.877 GC heap after
Heap after GC invocations=6 (full 0):
 PSYoungGen      total 134656K, used 8474K [0x00000000d6c00000, 0x00000000dfb00000, 0x0000000100000000)
  eden space 125952K, 0% used [0x00000000d6c00000,0x00000000d6c00000,0x00000000de700000)
  from space 8704K, 97% used [0x00000000df080000,0x00000000df8c6b98,0x00000000df900000)
  to   space 9728K, 0% used [0x00000000de700000,0x00000000de700000,0x00000000df080000)
 ParOldGen       total 84992K, used 6123K [0x0000000084400000, 0x0000000089700000, 0x00000000d6c00000)
  object space 84992K, 7% used [0x0000000084400000,0x00000000849fae40,0x0000000089700000)
 Metaspace       used 17111K, capacity 17268K, committed 17664K, reserved 1064960K
  class space    used 2136K, capacity 2181K, committed 2304K, reserved 1048576K
}
Event: 4.874 GC heap before
{Heap before GC invocations=7 (full 0):
 PSYoungGen      total 134656K, used 134426K [0x00000000d6c00000, 0x00000000dfb00000, 0x0000000100000000)
  eden space 125952K, 100% used [0x00000000d6c00000,0x00000000de700000,0x00000000de700000)
  from space 8704K, 97% used [0x00000000df080000,0x00000000df8c6b98,0x00000000df900000)
  to   space 9728K, 0% used [0x00000000de700000,0x00000000de700000,0x00000000df080000)
 ParOldGen       total 84992K, used 6123K [0x0000000084400000, 0x0000000089700000, 0x00000000d6c00000)
  object space 84992K, 7% used [0x0000000084400000,0x00000000849fae40,0x0000000089700000)
 Metaspace       used 17559K, capacity 17740K, committed 17920K, reserved 1064960K
  class space    used 2139K, capacity 2185K, committed 2304K, reserved 1048576K
Event: 4.892 GC heap after
Heap after GC invocations=7 (full 0):
 PSYoungGen      total 135680K, used 9712K [0x00000000d6c00000, 0x00000000e7b00000, 0x0000000100000000)
  eden space 125952K, 0% used [0x00000000d6c00000,0x00000000d6c00000,0x00000000de700000)
  from space 9728K, 99% used [0x00000000de700000,0x00000000df07c010,0x00000000df080000)
  to   space 12800K, 0% used [0x00000000e6e80000,0x00000000e6e80000,0x00000000e7b00000)
 ParOldGen       total 84992K, used 9816K [0x0000000084400000, 0x0000000089700000, 0x00000000d6c00000)
  object space 84992K, 11% used [0x0000000084400000,0x0000000084d96328,0x0000000089700000)
 Metaspace       used 17559K, capacity 17740K, committed 17920K, reserved 1064960K
  class space    used 2139K, capacity 2185K, committed 2304K, reserved 1048576K
}

