# JRE version: Java(TM) SE Runtime Environment (8.0_25-b18) (build 1.8.0_25-b18)
# Java VM: Java HotSpot(TM) 64-Bit Server VM (25.25-b02 mixed mode windows-amd64 compressed oops)
Heap:
 PSYoungGen      total 406528K, used 33799K [0x00000000d6c00000, 0x00000000f7800000, 0x0000000100000000)
  eden space 390656K, 8% used [0x00000000d6c00000,0x00000000d8d01cb8,0x00000000ee980000)
  from space 15872K, 0% used [0x00000000f6880000,0x00000000f6880000,0x00000000f7800000)
  to   space 17920K, 0% used [0x00000000f5500000,0x00000000f5500000,0x00000000f6680000)
 ParOldGen       total 72192K, used 33805K [0x0000000084400000, 0x0000000088a80000, 0x00000000d6c00000)
  object space 72192K, 46% used [0x0000000084400000,0x0000000086503420,0x0000000088a80000)
 Metaspace       used 37001K, capacity 37404K, committed 37672K, reserved 1081344K
  class space    used 4786K, capacity 4950K, committed 4992K, reserved 1048576K
GC Heap History (10 events):
Event: 5.210 GC heap before
{Heap before GC invocations=6 (full 0):
 PSYoungGen      total 132096K, used 132074K [0x00000000d6c00000, 0x00000000e7a00000, 0x0000000100000000)
  eden space 126976K, 100% used [0x00000000d6c00000,0x00000000de800000,0x00000000de800000)
  from space 5120K, 99% used [0x00000000de800000,0x00000000decfab88,0x00000000ded00000)
  to   space 11264K, 0% used [0x00000000e6f00000,0x00000000e6f00000,0x00000000e7a00000)
 ParOldGen       total 84992K, used 11723K [0x0000000084400000, 0x0000000089700000, 0x00000000d6c00000)
  object space 84992K, 13% used [0x0000000084400000,0x0000000084f72fb0,0x0000000089700000)
 Metaspace       used 17695K, capacity 17868K, committed 18176K, reserved 1064960K
  class space    used 2137K, capacity 2185K, committed 2304K, reserved 1048576K
Event: 5.238 GC heap after
Heap after GC invocations=6 (full 0):
 PSYoungGen      total 263680K, used 10746K [0x00000000d6c00000, 0x00000000e7d00000, 0x0000000100000000)
  eden space 252416K, 0% used [0x00000000d6c00000,0x00000000d6c00000,0x00000000e6280000)
  from space 11264K, 95% used [0x00000000e6f00000,0x00000000e797eb78,0x00000000e7a00000)
  to   space 12800K, 0% used [0x00000000e6280000,0x00000000e6280000,0x00000000e6f00000)
 ParOldGen       total 84992K, used 11731K [0x0000000084400000, 0x0000000089700000, 0x00000000d6c00000)
  object space 84992K, 13% used [0x0000000084400000,0x0000000084f74fb0,0x0000000089700000)
 Metaspace       used 17695K, capacity 17868K, committed 18176K, reserved 1064960K
  class space    used 2137K, capacity 2185K, committed 2304K, reserved 1048576K
}
Event: 5.992 GC heap before
{Heap before GC invocations=7 (full 0):
 PSYoungGen      total 263680K, used 71087K [0x00000000d6c00000, 0x00000000e7d00000, 0x0000000100000000)
  eden space 252416K, 23% used [0x00000000d6c00000,0x00000000da6ed348,0x00000000e6280000)
  from space 11264K, 95% used [0x00000000e6f00000,0x00000000e797eb78,0x00000000e7a00000)
  to   space 12800K, 0% used [0x00000000e6280000,0x00000000e6280000,0x00000000e6f00000)
 ParOldGen       total 84992K, used 11731K [0x0000000084400000, 0x0000000089700000, 0x00000000d6c00000)
  object space 84992K, 13% used [0x0000000084400000,0x0000000084f74fb0,0x0000000089700000)
 Metaspace       used 20967K, capacity 21164K, committed 21296K, reserved 1069056K
  class space    used 2626K, capacity 2665K, committed 2688K, reserved 1048576K
Event: 6.037 GC heap after
Heap after GC invocations=7 (full 0):
 PSYoungGen      total 265216K, used 12775K [0x00000000d6c00000, 0x00000000f7800000, 0x0000000100000000)
  eden space 252416K, 0% used [0x00000000d6c00000,0x00000000d6c00000,0x00000000e6280000)
  from space 12800K, 99% used [0x00000000e6280000,0x00000000e6ef9e70,0x00000000e6f00000)
  to   space 15872K, 0% used [0x00000000f6880000,0x00000000f6880000,0x00000000f7800000)
 ParOldGen       total 84992K, used 14043K [0x0000000084400000, 0x0000000089700000, 0x00000000d6c00000)
  object space 84992K, 16% used [0x0000000084400000,0x00000000851b6d38,0x0000000089700000)
 Metaspace       used 20967K, capacity 21164K, committed 21296K, reserved 1069056K
  class space    used 2626K, capacity 2665K, committed 2688K, reserved 1048576K
}
Event: 6.037 GC heap before
{Heap before GC invocations=8 (full 1):
 PSYoungGen      total 265216K, used 12775K [0x00000000d6c00000, 0x00000000f7800000, 0x0000000100000000)
  eden space 252416K, 0% used [0x00000000d6c00000,0x00000000d6c00000,0x00000000e6280000)
  from space 12800K, 99% used [0x00000000e6280000,0x00000000e6ef9e70,0x00000000e6f00000)
  to   space 15872K, 0% used [0x00000000f6880000,0x00000000f6880000,0x00000000f7800000)
 ParOldGen       total 84992K, used 14043K [0x0000000084400000, 0x0000000089700000, 0x00000000d6c00000)
  object space 84992K, 16% used [0x0000000084400000,0x00000000851b6d38,0x0000000089700000)
 Metaspace       used 20967K, capacity 21164K, committed 21296K, reserved 1069056K
  class space    used 2626K, capacity 2665K, committed 2688K, reserved 1048576K
Event: 6.178 GC heap after
Heap after GC invocations=8 (full 1):
 PSYoungGen      total 265216K, used 0K [0x00000000d6c00000, 0x00000000f7800000, 0x0000000100000000)
  eden space 252416K, 0% used [0x00000000d6c00000,0x00000000d6c00000,0x00000000e6280000)
  from space 12800K, 0% used [0x00000000e6280000,0x00000000e6280000,0x00000000e6f00000)
  to   space 15872K, 0% used [0x00000000f6880000,0x00000000f6880000,0x00000000f7800000)
 ParOldGen       total 72192K, used 21663K [0x0000000084400000, 0x0000000088a80000, 0x00000000d6c00000)
  object space 72192K, 30% used [0x0000000084400000,0x0000000085927c10,0x0000000088a80000)
 Metaspace       used 20967K, capacity 21164K, committed 21296K, reserved 1069056K
  class space    used 2626K, capacity 2665K, committed 2688K, reserved 1048576K
}
Event: 9.504 GC heap before
{Heap before GC invocations=9 (full 1):
 PSYoungGen      total 265216K, used 141123K [0x00000000d6c00000, 0x00000000f7800000, 0x0000000100000000)
  eden space 252416K, 55% used [0x00000000d6c00000,0x00000000df5d0cf8,0x00000000e6280000)
  from space 12800K, 0% used [0x00000000e6280000,0x00000000e6280000,0x00000000e6f00000)
  to   space 15872K, 0% used [0x00000000f6880000,0x00000000f6880000,0x00000000f7800000)
 ParOldGen       total 72192K, used 21663K [0x0000000084400000, 0x0000000088a80000, 0x00000000d6c00000)
  object space 72192K, 30% used [0x0000000084400000,0x0000000085927c10,0x0000000088a80000)
 Metaspace       used 34920K, capacity 35244K, committed 35496K, reserved 1081344K
  class space    used 4414K, capacity 4532K, committed 4608K, reserved 1048576K
Event: 9.520 GC heap after
Heap after GC invocations=9 (full 1):
 PSYoungGen      total 406528K, used 15525K [0x00000000d6c00000, 0x00000000f7800000, 0x0000000100000000)
  eden space 390656K, 0% used [0x00000000d6c00000,0x00000000d6c00000,0x00000000ee980000)
  from space 15872K, 97% used [0x00000000f6880000,0x00000000f77a95b8,0x00000000f7800000)
  to   space 17920K, 0% used [0x00000000f5500000,0x00000000f5500000,0x00000000f6680000)
 ParOldGen       total 72192K, used 21671K [0x0000000084400000, 0x0000000088a80000, 0x00000000d6c00000)
  object space 72192K, 30% used [0x0000000084400000,0x0000000085929c10,0x0000000088a80000)
 Metaspace       used 34920K, capacity 35244K, committed 35496K, reserved 1081344K
  class space    used 4414K, capacity 4532K, committed 4608K, reserved 1048576K
}
Event: 9.520 GC heap before
{Heap before GC invocations=10 (full 2):
 PSYoungGen      total 406528K, used 15525K [0x00000000d6c00000, 0x00000000f7800000, 0x0000000100000000)
  eden space 390656K, 0% used [0x00000000d6c00000,0x00000000d6c00000,0x00000000ee980000)
  from space 15872K, 97% used [0x00000000f6880000,0x00000000f77a95b8,0x00000000f7800000)
  to   space 17920K, 0% used [0x00000000f5500000,0x00000000f5500000,0x00000000f6680000)
 ParOldGen       total 72192K, used 21671K [0x0000000084400000, 0x0000000088a80000, 0x00000000d6c00000)
  object space 72192K, 30% used [0x0000000084400000,0x0000000085929c10,0x0000000088a80000)
 Metaspace       used 34920K, capacity 35244K, committed 35496K, reserved 1081344K
  class space    used 4414K, capacity 4532K, committed 4608K, reserved 1048576K
Event: 9.663 GC heap after
Heap after GC invocations=10 (full 2):
 PSYoungGen      total 406528K, used 0K [0x00000000d6c00000, 0x00000000f7800000, 0x0000000100000000)
  eden space 390656K, 0% used [0x00000000d6c00000,0x00000000d6c00000,0x00000000ee980000)
  from space 15872K, 0% used [0x00000000f6880000,0x00000000f6880000,0x00000000f7800000)
  to   space 17920K, 0% used [0x00000000f5500000,0x00000000f5500000,0x00000000f6680000)
 ParOldGen       total 72192K, used 33805K [0x0000000084400000, 0x0000000088a80000, 0x00000000d6c00000)
  object space 72192K, 46% used [0x0000000084400000,0x0000000086503420,0x0000000088a80000)
 Metaspace       used 34919K, capacity 35242K, committed 35496K, reserved 1081344K
  class space    used 4413K, capacity 4531K, committed 4608K, reserved 1048576K
}

