# JRE version: Java(TM) SE Runtime Environment (8.0_51-b16) (build 1.8.0_51-b16)
# Java VM: Java HotSpot(TM) 64-Bit Server VM (25.51-b03 mixed mode windows-amd64 compressed oops)
Heap:
 PSYoungGen      total 135680K, used 79115K [0x00000000d6c00000, 0x00000000dfb00000, 0x0000000100000000)
  eden space 125952K, 62% used [0x00000000d6c00000,0x00000000db942d40,0x00000000de700000)
  from space 9728K, 0% used [0x00000000de700000,0x00000000de700000,0x00000000df080000)
  to   space 8704K, 0% used [0x00000000df080000,0x00000000df080000,0x00000000df900000)
 ParOldGen       total 69120K, used 20486K [0x0000000084400000, 0x0000000088780000, 0x00000000d6c00000)
  object space 69120K, 29% used [0x0000000084400000,0x0000000085801ad8,0x0000000088780000)
 Metaspace       used 29839K, capacity 30440K, committed 30848K, reserved 1075200K
  class space    used 3845K, capacity 4151K, committed 4224K, reserved 1048576K
GC Heap History (10 events):
Event: 4.395 GC heap before
{Heap before GC invocations=6 (full 0):
 PSYoungGen      total 68608K, used 68603K [0x00000000d6c00000, 0x00000000df900000, 0x0000000100000000)
  eden space 63488K, 100% used [0x00000000d6c00000,0x00000000daa00000,0x00000000daa00000)
  from space 5120K, 99% used [0x00000000daa00000,0x00000000daefee38,0x00000000daf00000)
  to   space 8704K, 0% used [0x00000000df080000,0x00000000df080000,0x00000000df900000)
 ParOldGen       total 84992K, used 5315K [0x0000000084400000, 0x0000000089700000, 0x00000000d6c00000)
  object space 84992K, 6% used [0x0000000084400000,0x0000000084930f78,0x0000000089700000)
 Metaspace       used 16683K, capacity 16878K, committed 17152K, reserved 1064960K
  class space    used 2133K, capacity 2180K, committed 2304K, reserved 1048576K
Event: 4.410 GC heap after
Heap after GC invocations=6 (full 0):
 PSYoungGen      total 134656K, used 8331K [0x00000000d6c00000, 0x00000000dfb00000, 0x0000000100000000)
  eden space 125952K, 0% used [0x00000000d6c00000,0x00000000d6c00000,0x00000000de700000)
  from space 8704K, 95% used [0x00000000df080000,0x00000000df8a2e48,0x00000000df900000)
  to   space 9728K, 0% used [0x00000000de700000,0x00000000de700000,0x00000000df080000)
 ParOldGen       total 84992K, used 5323K [0x0000000084400000, 0x0000000089700000, 0x00000000d6c00000)
  object space 84992K, 6% used [0x0000000084400000,0x0000000084932f78,0x0000000089700000)
 Metaspace       used 16683K, capacity 16878K, committed 17152K, reserved 1064960K
  class space    used 2133K, capacity 2180K, committed 2304K, reserved 1048576K
}
Event: 5.309 GC heap before
{Heap before GC invocations=7 (full 0):
 PSYoungGen      total 134656K, used 134283K [0x00000000d6c00000, 0x00000000dfb00000, 0x0000000100000000)
  eden space 125952K, 100% used [0x00000000d6c00000,0x00000000de700000,0x00000000de700000)
  from space 8704K, 95% used [0x00000000df080000,0x00000000df8a2e48,0x00000000df900000)
  to   space 9728K, 0% used [0x00000000de700000,0x00000000de700000,0x00000000df080000)
 ParOldGen       total 84992K, used 5323K [0x0000000084400000, 0x0000000089700000, 0x00000000d6c00000)
  object space 84992K, 6% used [0x0000000084400000,0x0000000084932f78,0x0000000089700000)
 Metaspace       used 17092K, capacity 17286K, committed 17664K, reserved 1064960K
  class space    used 2136K, capacity 2184K, committed 2304K, reserved 1048576K
Event: 5.346 GC heap after
Heap after GC invocations=7 (full 0):
 PSYoungGen      total 135680K, used 9728K [0x00000000d6c00000, 0x00000000dfb00000, 0x0000000100000000)
  eden space 125952K, 0% used [0x00000000d6c00000,0x00000000d6c00000,0x00000000de700000)
  from space 9728K, 100% used [0x00000000de700000,0x00000000df080000,0x00000000df080000)
  to   space 8704K, 0% used [0x00000000df080000,0x00000000df080000,0x00000000df900000)
 ParOldGen       total 84992K, used 8609K [0x0000000084400000, 0x0000000089700000, 0x00000000d6c00000)
  object space 84992K, 10% used [0x0000000084400000,0x0000000084c685b8,0x0000000089700000)
 Metaspace       used 17092K, capacity 17286K, committed 17664K, reserved 1064960K
  class space    used 2136K, capacity 2184K, committed 2304K, reserved 1048576K
}
Event: 6.525 GC heap before
{Heap before GC invocations=8 (full 0):
 PSYoungGen      total 135680K, used 135680K [0x00000000d6c00000, 0x00000000dfb00000, 0x0000000100000000)
  eden space 125952K, 100% used [0x00000000d6c00000,0x00000000de700000,0x00000000de700000)
  from space 9728K, 100% used [0x00000000de700000,0x00000000df080000,0x00000000df080000)
  to   space 8704K, 0% used [0x00000000df080000,0x00000000df080000,0x00000000df900000)
 ParOldGen       total 84992K, used 8609K [0x0000000084400000, 0x0000000089700000, 0x00000000d6c00000)
  object space 84992K, 10% used [0x0000000084400000,0x0000000084c685b8,0x0000000089700000)
 Metaspace       used 19865K, capacity 20038K, committed 20352K, reserved 1067008K
  class space    used 2527K, capacity 2568K, committed 2688K, reserved 1048576K
Event: 6.548 GC heap after
Heap after GC invocations=8 (full 0):
 PSYoungGen      total 134656K, used 8673K [0x00000000d6c00000, 0x00000000dfb00000, 0x0000000100000000)
  eden space 125952K, 0% used [0x00000000d6c00000,0x00000000d6c00000,0x00000000de700000)
  from space 8704K, 99% used [0x00000000df080000,0x00000000df8f8698,0x00000000df900000)
  to   space 9728K, 0% used [0x00000000de700000,0x00000000de700000,0x00000000df080000)
 ParOldGen       total 84992K, used 16249K [0x0000000084400000, 0x0000000089700000, 0x00000000d6c00000)
  object space 84992K, 19% used [0x0000000084400000,0x00000000853de698,0x0000000089700000)
 Metaspace       used 19865K, capacity 20038K, committed 20352K, reserved 1067008K
  class space    used 2527K, capacity 2568K, committed 2688K, reserved 1048576K
}
Event: 6.694 GC heap before
{Heap before GC invocations=9 (full 0):
 PSYoungGen      total 134656K, used 22265K [0x00000000d6c00000, 0x00000000dfb00000, 0x0000000100000000)
  eden space 125952K, 10% used [0x00000000d6c00000,0x00000000d7945ee8,0x00000000de700000)
  from space 8704K, 99% used [0x00000000df080000,0x00000000df8f8698,0x00000000df900000)
  to   space 9728K, 0% used [0x00000000de700000,0x00000000de700000,0x00000000df080000)
 ParOldGen       total 84992K, used 16249K [0x0000000084400000, 0x0000000089700000, 0x00000000d6c00000)
  object space 84992K, 19% used [0x0000000084400000,0x00000000853de698,0x0000000089700000)
 Metaspace       used 20926K, capacity 21094K, committed 21248K, reserved 1067008K
  class space    used 2675K, capacity 2728K, committed 2816K, reserved 1048576K
Event: 6.705 GC heap after
Heap after GC invocations=9 (full 0):
 PSYoungGen      total 135680K, used 7862K [0x00000000d6c00000, 0x00000000dfb00000, 0x0000000100000000)
  eden space 125952K, 0% used [0x00000000d6c00000,0x00000000d6c00000,0x00000000de700000)
  from space 9728K, 80% used [0x00000000de700000,0x00000000deead880,0x00000000df080000)
  to   space 8704K, 0% used [0x00000000df080000,0x00000000df080000,0x00000000df900000)
 ParOldGen       total 84992K, used 18601K [0x0000000084400000, 0x0000000089700000, 0x00000000d6c00000)
  object space 84992K, 21% used [0x0000000084400000,0x000000008562a750,0x0000000089700000)
 Metaspace       used 20926K, capacity 21094K, committed 21248K, reserved 1067008K
  class space    used 2675K, capacity 2728K, committed 2816K, reserved 1048576K
}
Event: 6.705 GC heap before
{Heap before GC invocations=10 (full 1):
 PSYoungGen      total 135680K, used 7862K [0x00000000d6c00000, 0x00000000dfb00000, 0x0000000100000000)
  eden space 125952K, 0% used [0x00000000d6c00000,0x00000000d6c00000,0x00000000de700000)
  from space 9728K, 80% used [0x00000000de700000,0x00000000deead880,0x00000000df080000)
  to   space 8704K, 0% used [0x00000000df080000,0x00000000df080000,0x00000000df900000)
 ParOldGen       total 84992K, used 18601K [0x0000000084400000, 0x0000000089700000, 0x00000000d6c00000)
  object space 84992K, 21% used [0x0000000084400000,0x000000008562a750,0x0000000089700000)
 Metaspace       used 20926K, capacity 21094K, committed 21248K, reserved 1067008K
  class space    used 2675K, capacity 2728K, committed 2816K, reserved 1048576K
Event: 6.839 GC heap after
Heap after GC invocations=10 (full 1):
 PSYoungGen      total 135680K, used 0K [0x00000000d6c00000, 0x00000000dfb00000, 0x0000000100000000)
  eden space 125952K, 0% used [0x00000000d6c00000,0x00000000d6c00000,0x00000000de700000)
  from space 9728K, 0% used [0x00000000de700000,0x00000000de700000,0x00000000df080000)
  to   space 8704K, 0% used [0x00000000df080000,0x00000000df080000,0x00000000df900000)
 ParOldGen       total 69120K, used 20486K [0x0000000084400000, 0x0000000088780000, 0x00000000d6c00000)
  object space 69120K, 29% used [0x0000000084400000,0x0000000085801ad8,0x0000000088780000)
 Metaspace       used 20926K, capacity 21094K, committed 21248K, reserved 1067008K
  class space    used 2675K, capacity 2728K, committed 2816K, reserved 1048576K
}

