# JRE version: Java(TM) SE Runtime Environment (8.0_51-b16) (build 1.8.0_51-b16)
# Java VM: Java HotSpot(TM) 64-Bit Server VM (25.51-b03 mixed mode windows-amd64 compressed oops)
Heap:
 PSYoungGen      total 393728K, used 8963K [0x00000000d6c00000, 0x00000000f1180000, 0x0000000100000000)
  eden space 377856K, 2% used [0x00000000d6c00000,0x00000000d74c0da8,0x00000000edd00000)
  from space 15872K, 0% used [0x00000000f0200000,0x00000000f0200000,0x00000000f1180000)
  to   space 18432K, 0% used [0x00000000eed80000,0x00000000eed80000,0x00000000eff80000)
 ParOldGen       total 65024K, used 35631K [0x0000000084400000, 0x0000000088380000, 0x00000000d6c00000)
  object space 65024K, 54% used [0x0000000084400000,0x00000000866cbc88,0x0000000088380000)
 Metaspace       used 34959K, capacity 35522K, committed 36056K, reserved 1081344K
  class space    used 4475K, capacity 4761K, committed 4864K, reserved 1048576K
GC Heap History (10 events):
Event: 8.171 GC heap before
{Heap before GC invocations=8 (full 0):
 PSYoungGen      total 135680K, used 135648K [0x00000000d6c00000, 0x00000000e7b00000, 0x0000000100000000)
  eden space 126464K, 100% used [0x00000000d6c00000,0x00000000de780000,0x00000000de780000)
  from space 9216K, 99% used [0x00000000de780000,0x00000000df078020,0x00000000df080000)
  to   space 12288K, 0% used [0x00000000e6f00000,0x00000000e6f00000,0x00000000e7b00000)
 ParOldGen       total 84992K, used 8818K [0x0000000084400000, 0x0000000089700000, 0x00000000d6c00000)
  object space 84992K, 10% used [0x0000000084400000,0x0000000084c9caa0,0x0000000089700000)
 Metaspace       used 19879K, capacity 20038K, committed 20352K, reserved 1067008K
  class space    used 2528K, capacity 2568K, committed 2688K, reserved 1048576K
Event: 8.197 GC heap after
Heap after GC invocations=8 (full 0):
 PSYoungGen      total 262144K, used 12256K [0x00000000d6c00000, 0x00000000e8100000, 0x0000000100000000)
  eden space 249856K, 0% used [0x00000000d6c00000,0x00000000d6c00000,0x00000000e6000000)
  from space 12288K, 99% used [0x00000000e6f00000,0x00000000e7af8058,0x00000000e7b00000)
  to   space 15360K, 0% used [0x00000000e6000000,0x00000000e6000000,0x00000000e6f00000)
 ParOldGen       total 84992K, used 12216K [0x0000000084400000, 0x0000000089700000, 0x00000000d6c00000)
  object space 84992K, 14% used [0x0000000084400000,0x0000000084fee120,0x0000000089700000)
 Metaspace       used 19879K, capacity 20038K, committed 20352K, reserved 1067008K
  class space    used 2528K, capacity 2568K, committed 2688K, reserved 1048576K
}
Event: 8.375 GC heap before
{Heap before GC invocations=9 (full 0):
 PSYoungGen      total 262144K, used 28857K [0x00000000d6c00000, 0x00000000e8100000, 0x0000000100000000)
  eden space 249856K, 6% used [0x00000000d6c00000,0x00000000d7c36648,0x00000000e6000000)
  from space 12288K, 99% used [0x00000000e6f00000,0x00000000e7af8058,0x00000000e7b00000)
  to   space 15360K, 0% used [0x00000000e6000000,0x00000000e6000000,0x00000000e6f00000)
 ParOldGen       total 84992K, used 12216K [0x0000000084400000, 0x0000000089700000, 0x00000000d6c00000)
  object space 84992K, 14% used [0x0000000084400000,0x0000000084fee120,0x0000000089700000)
 Metaspace       used 20927K, capacity 21094K, committed 21248K, reserved 1067008K
  class space    used 2674K, capacity 2728K, committed 2816K, reserved 1048576K
Event: 8.392 GC heap after
Heap after GC invocations=9 (full 0):
 PSYoungGen      total 265216K, used 11158K [0x00000000d6c00000, 0x00000000f1180000, 0x0000000100000000)
  eden space 249856K, 0% used [0x00000000d6c00000,0x00000000d6c00000,0x00000000e6000000)
  from space 15360K, 72% used [0x00000000e6000000,0x00000000e6ae5aa8,0x00000000e6f00000)
  to   space 15872K, 0% used [0x00000000f0200000,0x00000000f0200000,0x00000000f1180000)
 ParOldGen       total 84992K, used 14952K [0x0000000084400000, 0x0000000089700000, 0x00000000d6c00000)
  object space 84992K, 17% used [0x0000000084400000,0x000000008529a1d8,0x0000000089700000)
 Metaspace       used 20927K, capacity 21094K, committed 21248K, reserved 1067008K
  class space    used 2674K, capacity 2728K, committed 2816K, reserved 1048576K
}
Event: 8.392 GC heap before
{Heap before GC invocations=10 (full 1):
 PSYoungGen      total 265216K, used 11158K [0x00000000d6c00000, 0x00000000f1180000, 0x0000000100000000)
  eden space 249856K, 0% used [0x00000000d6c00000,0x00000000d6c00000,0x00000000e6000000)
  from space 15360K, 72% used [0x00000000e6000000,0x00000000e6ae5aa8,0x00000000e6f00000)
  to   space 15872K, 0% used [0x00000000f0200000,0x00000000f0200000,0x00000000f1180000)
 ParOldGen       total 84992K, used 14952K [0x0000000084400000, 0x0000000089700000, 0x00000000d6c00000)
  object space 84992K, 17% used [0x0000000084400000,0x000000008529a1d8,0x0000000089700000)
 Metaspace       used 20927K, capacity 21094K, committed 21248K, reserved 1067008K
  class space    used 2674K, capacity 2728K, committed 2816K, reserved 1048576K
Event: 8.530 GC heap after
Heap after GC invocations=10 (full 1):
 PSYoungGen      total 265216K, used 0K [0x00000000d6c00000, 0x00000000f1180000, 0x0000000100000000)
  eden space 249856K, 0% used [0x00000000d6c00000,0x00000000d6c00000,0x00000000e6000000)
  from space 15360K, 0% used [0x00000000e6000000,0x00000000e6000000,0x00000000e6f00000)
  to   space 15872K, 0% used [0x00000000f0200000,0x00000000f0200000,0x00000000f1180000)
 ParOldGen       total 65024K, used 20435K [0x0000000084400000, 0x0000000088380000, 0x00000000d6c00000)
  object space 65024K, 31% used [0x0000000084400000,0x00000000857f4da8,0x0000000088380000)
 Metaspace       used 20927K, capacity 21094K, committed 21248K, reserved 1067008K
  class space    used 2674K, capacity 2728K, committed 2816K, reserved 1048576K
}
Event: 12.928 GC heap before
{Heap before GC invocations=11 (full 1):
 PSYoungGen      total 265216K, used 179711K [0x00000000d6c00000, 0x00000000f1180000, 0x0000000100000000)
  eden space 249856K, 71% used [0x00000000d6c00000,0x00000000e1b7ff10,0x00000000e6000000)
  from space 15360K, 0% used [0x00000000e6000000,0x00000000e6000000,0x00000000e6f00000)
  to   space 15872K, 0% used [0x00000000f0200000,0x00000000f0200000,0x00000000f1180000)
 ParOldGen       total 65024K, used 20435K [0x0000000084400000, 0x0000000088380000, 0x00000000d6c00000)
  object space 65024K, 31% used [0x0000000084400000,0x00000000857f4da8,0x0000000088380000)
 Metaspace       used 34620K, capacity 35170K, committed 35416K, reserved 1079296K
  class space    used 4452K, capacity 4729K, committed 4736K, reserved 1048576K
Event: 14.137 GC heap after
Heap after GC invocations=11 (full 1):
 PSYoungGen      total 393728K, used 15851K [0x00000000d6c00000, 0x00000000f1180000, 0x0000000100000000)
  eden space 377856K, 0% used [0x00000000d6c00000,0x00000000d6c00000,0x00000000edd00000)
  from space 15872K, 99% used [0x00000000f0200000,0x00000000f117aea0,0x00000000f1180000)
  to   space 18432K, 0% used [0x00000000eed80000,0x00000000eed80000,0x00000000eff80000)
 ParOldGen       total 65024K, used 21306K [0x0000000084400000, 0x0000000088380000, 0x00000000d6c00000)
  object space 65024K, 32% used [0x0000000084400000,0x00000000858ce960,0x0000000088380000)
 Metaspace       used 34620K, capacity 35170K, committed 35416K, reserved 1079296K
  class space    used 4452K, capacity 4729K, committed 4736K, reserved 1048576K
}
Event: 14.137 GC heap before
{Heap before GC invocations=12 (full 2):
 PSYoungGen      total 393728K, used 15851K [0x00000000d6c00000, 0x00000000f1180000, 0x0000000100000000)
  eden space 377856K, 0% used [0x00000000d6c00000,0x00000000d6c00000,0x00000000edd00000)
  from space 15872K, 99% used [0x00000000f0200000,0x00000000f117aea0,0x00000000f1180000)
  to   space 18432K, 0% used [0x00000000eed80000,0x00000000eed80000,0x00000000eff80000)
 ParOldGen       total 65024K, used 21306K [0x0000000084400000, 0x0000000088380000, 0x00000000d6c00000)
  object space 65024K, 32% used [0x0000000084400000,0x00000000858ce960,0x0000000088380000)
 Metaspace       used 34620K, capacity 35170K, committed 35416K, reserved 1079296K
  class space    used 4452K, capacity 4729K, committed 4736K, reserved 1048576K
Event: 15.135 GC heap after
Heap after GC invocations=12 (full 2):
 PSYoungGen      total 393728K, used 0K [0x00000000d6c00000, 0x00000000f1180000, 0x0000000100000000)
  eden space 377856K, 0% used [0x00000000d6c00000,0x00000000d6c00000,0x00000000edd00000)
  from space 15872K, 0% used [0x00000000f0200000,0x00000000f0200000,0x00000000f1180000)
  to   space 18432K, 0% used [0x00000000eed80000,0x00000000eed80000,0x00000000eff80000)
 ParOldGen       total 65024K, used 35631K [0x0000000084400000, 0x0000000088380000, 0x00000000d6c00000)
  object space 65024K, 54% used [0x0000000084400000,0x00000000866cbc88,0x0000000088380000)
 Metaspace       used 34620K, capacity 35170K, committed 35416K, reserved 1079296K
  class space    used 4452K, capacity 4729K, committed 4736K, reserved 1048576K
}

