# JRE version: Java(TM) SE Runtime Environment (8.0_51-b16) (build 1.8.0_51-b16)
# Java VM: Java HotSpot(TM) 64-Bit Server VM (25.51-b03 mixed mode windows-amd64 compressed oops)
Heap:
 PSYoungGen      total 265216K, used 15642K [0x00000000d6c00000, 0x00000000ec780000, 0x0000000100000000)
  eden space 249344K, 6% used [0x00000000d6c00000,0x00000000d7b46ad8,0x00000000e5f80000)
  from space 15872K, 0% used [0x00000000e5f80000,0x00000000e5f80000,0x00000000e6f00000)
  to   space 18432K, 0% used [0x00000000eb580000,0x00000000eb580000,0x00000000ec780000)
 ParOldGen       total 75264K, used 35215K [0x0000000084400000, 0x0000000088d80000, 0x00000000d6c00000)
  object space 75264K, 46% used [0x0000000084400000,0x0000000086663c90,0x0000000088d80000)
 Metaspace       used 35566K, capacity 36192K, committed 36696K, reserved 1081344K
  class space    used 4606K, capacity 4891K, committed 4992K, reserved 1048576K
GC Heap History (10 events):
Event: 4.615 GC heap before
{Heap before GC invocations=7 (full 0):
 PSYoungGen      total 135168K, used 134858K [0x00000000d6c00000, 0x00000000dfa00000, 0x0000000100000000)
  eden space 126464K, 100% used [0x00000000d6c00000,0x00000000de780000,0x00000000de780000)
  from space 8704K, 96% used [0x00000000df080000,0x00000000df8b2b60,0x00000000df900000)
  to   space 9216K, 0% used [0x00000000de780000,0x00000000de780000,0x00000000df080000)
 ParOldGen       total 84992K, used 5892K [0x0000000084400000, 0x0000000089700000, 0x00000000d6c00000)
  object space 84992K, 6% used [0x0000000084400000,0x00000000849c1030,0x0000000089700000)
 Metaspace       used 17154K, capacity 17350K, committed 17664K, reserved 1064960K
  class space    used 2138K, capacity 2184K, committed 2304K, reserved 1048576K
Event: 4.654 GC heap after
Heap after GC invocations=7 (full 0):
 PSYoungGen      total 135680K, used 9216K [0x00000000d6c00000, 0x00000000e7b00000, 0x0000000100000000)
  eden space 126464K, 0% used [0x00000000d6c00000,0x00000000d6c00000,0x00000000de780000)
  from space 9216K, 100% used [0x00000000de780000,0x00000000df080000,0x00000000df080000)
  to   space 12288K, 0% used [0x00000000e6f00000,0x00000000e6f00000,0x00000000e7b00000)
 ParOldGen       total 84992K, used 10059K [0x0000000084400000, 0x0000000089700000, 0x00000000d6c00000)
  object space 84992K, 11% used [0x0000000084400000,0x0000000084dd2f20,0x0000000089700000)
 Metaspace       used 17154K, capacity 17350K, committed 17664K, reserved 1064960K
  class space    used 2138K, capacity 2184K, committed 2304K, reserved 1048576K
}
Event: 5.777 GC heap before
{Heap before GC invocations=8 (full 0):
 PSYoungGen      total 135680K, used 127708K [0x00000000d6c00000, 0x00000000e7b00000, 0x0000000100000000)
  eden space 126464K, 93% used [0x00000000d6c00000,0x00000000ddfb73e0,0x00000000de780000)
  from space 9216K, 100% used [0x00000000de780000,0x00000000df080000,0x00000000df080000)
  to   space 12288K, 0% used [0x00000000e6f00000,0x00000000e6f00000,0x00000000e7b00000)
 ParOldGen       total 84992K, used 10059K [0x0000000084400000, 0x0000000089700000, 0x00000000d6c00000)
  object space 84992K, 11% used [0x0000000084400000,0x0000000084dd2f20,0x0000000089700000)
 Metaspace       used 20935K, capacity 21108K, committed 21248K, reserved 1067008K
  class space    used 2680K, capacity 2730K, committed 2816K, reserved 1048576K
Event: 5.798 GC heap after
Heap after GC invocations=8 (full 0):
 PSYoungGen      total 261632K, used 12285K [0x00000000d6c00000, 0x00000000e8200000, 0x0000000100000000)
  eden space 249344K, 0% used [0x00000000d6c00000,0x00000000d6c00000,0x00000000e5f80000)
  from space 12288K, 99% used [0x00000000e6f00000,0x00000000e7aff5f8,0x00000000e7b00000)
  to   space 15872K, 0% used [0x00000000e5f80000,0x00000000e5f80000,0x00000000e6f00000)
 ParOldGen       total 84992K, used 14832K [0x0000000084400000, 0x0000000089700000, 0x00000000d6c00000)
  object space 84992K, 17% used [0x0000000084400000,0x000000008527c348,0x0000000089700000)
 Metaspace       used 20935K, capacity 21108K, committed 21248K, reserved 1067008K
  class space    used 2680K, capacity 2730K, committed 2816K, reserved 1048576K
}
Event: 5.798 GC heap before
{Heap before GC invocations=9 (full 1):
 PSYoungGen      total 261632K, used 12285K [0x00000000d6c00000, 0x00000000e8200000, 0x0000000100000000)
  eden space 249344K, 0% used [0x00000000d6c00000,0x00000000d6c00000,0x00000000e5f80000)
  from space 12288K, 99% used [0x00000000e6f00000,0x00000000e7aff5f8,0x00000000e7b00000)
  to   space 15872K, 0% used [0x00000000e5f80000,0x00000000e5f80000,0x00000000e6f00000)
 ParOldGen       total 84992K, used 14832K [0x0000000084400000, 0x0000000089700000, 0x00000000d6c00000)
  object space 84992K, 17% used [0x0000000084400000,0x000000008527c348,0x0000000089700000)
 Metaspace       used 20935K, capacity 21108K, committed 21248K, reserved 1067008K
  class space    used 2680K, capacity 2730K, committed 2816K, reserved 1048576K
Event: 5.929 GC heap after
Heap after GC invocations=9 (full 1):
 PSYoungGen      total 261632K, used 0K [0x00000000d6c00000, 0x00000000e8200000, 0x0000000100000000)
  eden space 249344K, 0% used [0x00000000d6c00000,0x00000000d6c00000,0x00000000e5f80000)
  from space 12288K, 0% used [0x00000000e6f00000,0x00000000e6f00000,0x00000000e7b00000)
  to   space 15872K, 0% used [0x00000000e5f80000,0x00000000e5f80000,0x00000000e6f00000)
 ParOldGen       total 75264K, used 22546K [0x0000000084400000, 0x0000000088d80000, 0x00000000d6c00000)
  object space 75264K, 29% used [0x0000000084400000,0x0000000085a04990,0x0000000088d80000)
 Metaspace       used 20935K, capacity 21108K, committed 21248K, reserved 1067008K
  class space    used 2680K, capacity 2730K, committed 2816K, reserved 1048576K
}
Event: 9.199 GC heap before
{Heap before GC invocations=10 (full 1):
 PSYoungGen      total 261632K, used 163676K [0x00000000d6c00000, 0x00000000e8200000, 0x0000000100000000)
  eden space 249344K, 65% used [0x00000000d6c00000,0x00000000e0bd7210,0x00000000e5f80000)
  from space 12288K, 0% used [0x00000000e6f00000,0x00000000e6f00000,0x00000000e7b00000)
  to   space 15872K, 0% used [0x00000000e5f80000,0x00000000e5f80000,0x00000000e6f00000)
 ParOldGen       total 75264K, used 22546K [0x0000000084400000, 0x0000000088d80000, 0x00000000d6c00000)
  object space 75264K, 29% used [0x0000000084400000,0x0000000085a04990,0x0000000088d80000)
 Metaspace       used 34503K, capacity 35124K, committed 35416K, reserved 1079296K
  class space    used 4455K, capacity 4729K, committed 4736K, reserved 1048576K
Event: 9.215 GC heap after
Heap after GC invocations=10 (full 1):
 PSYoungGen      total 265216K, used 15853K [0x00000000d6c00000, 0x00000000ec780000, 0x0000000100000000)
  eden space 249344K, 0% used [0x00000000d6c00000,0x00000000d6c00000,0x00000000e5f80000)
  from space 15872K, 99% used [0x00000000e5f80000,0x00000000e6efb558,0x00000000e6f00000)
  to   space 18432K, 0% used [0x00000000eb580000,0x00000000eb580000,0x00000000ec780000)
 ParOldGen       total 75264K, used 23139K [0x0000000084400000, 0x0000000088d80000, 0x00000000d6c00000)
  object space 75264K, 30% used [0x0000000084400000,0x0000000085a98ca8,0x0000000088d80000)
 Metaspace       used 34503K, capacity 35124K, committed 35416K, reserved 1079296K
  class space    used 4455K, capacity 4729K, committed 4736K, reserved 1048576K
}
Event: 9.215 GC heap before
{Heap before GC invocations=11 (full 2):
 PSYoungGen      total 265216K, used 15853K [0x00000000d6c00000, 0x00000000ec780000, 0x0000000100000000)
  eden space 249344K, 0% used [0x00000000d6c00000,0x00000000d6c00000,0x00000000e5f80000)
  from space 15872K, 99% used [0x00000000e5f80000,0x00000000e6efb558,0x00000000e6f00000)
  to   space 18432K, 0% used [0x00000000eb580000,0x00000000eb580000,0x00000000ec780000)
 ParOldGen       total 75264K, used 23139K [0x0000000084400000, 0x0000000088d80000, 0x00000000d6c00000)
  object space 75264K, 30% used [0x0000000084400000,0x0000000085a98ca8,0x0000000088d80000)
 Metaspace       used 34503K, capacity 35124K, committed 35416K, reserved 1079296K
  class space    used 4455K, capacity 4729K, committed 4736K, reserved 1048576K
Event: 9.320 GC heap after
Heap after GC invocations=11 (full 2):
 PSYoungGen      total 265216K, used 0K [0x00000000d6c00000, 0x00000000ec780000, 0x0000000100000000)
  eden space 249344K, 0% used [0x00000000d6c00000,0x00000000d6c00000,0x00000000e5f80000)
  from space 15872K, 0% used [0x00000000e5f80000,0x00000000e5f80000,0x00000000e6f00000)
  to   space 18432K, 0% used [0x00000000eb580000,0x00000000eb580000,0x00000000ec780000)
 ParOldGen       total 75264K, used 35215K [0x0000000084400000, 0x0000000088d80000, 0x00000000d6c00000)
  object space 75264K, 46% used [0x0000000084400000,0x0000000086663c90,0x0000000088d80000)
 Metaspace       used 34503K, capacity 35124K, committed 35416K, reserved 1079296K
  class space    used 4455K, capacity 4729K, committed 4736K, reserved 1048576K
}

