# JRE version: Java(TM) SE Runtime Environment (8.0_25-b18) (build 1.8.0_25-b18)
# Java VM: Java HotSpot(TM) 64-Bit Server VM (25.25-b02 mixed mode windows-amd64 compressed oops)
Heap:
 PSYoungGen      total 265216K, used 46085K [0x00000000d6c00000, 0x00000000ed300000, 0x0000000100000000)
  eden space 249856K, 18% used [0x00000000d6c00000,0x00000000d99014f8,0x00000000e6000000)
  from space 15360K, 0% used [0x00000000e6000000,0x00000000e6000000,0x00000000e6f00000)
  to   space 16896K, 0% used [0x00000000ec280000,0x00000000ec280000,0x00000000ed300000)
 ParOldGen       total 107520K, used 32074K [0x0000000084400000, 0x000000008ad00000, 0x00000000d6c00000)
  object space 107520K, 29% used [0x0000000084400000,0x0000000086352af0,0x000000008ad00000)
 Metaspace       used 37358K, capacity 37780K, committed 38144K, reserved 1083392K
  class space    used 4893K, capacity 5050K, committed 5120K, reserved 1048576K
GC Heap History (10 events):
Event: 4.589 GC heap before
{Heap before GC invocations=7 (full 0):
 PSYoungGen      total 135168K, used 134202K [0x00000000d6c00000, 0x00000000dfa00000, 0x0000000100000000)
  eden space 126464K, 100% used [0x00000000d6c00000,0x00000000de780000,0x00000000de780000)
  from space 8704K, 88% used [0x00000000df080000,0x00000000df80eb88,0x00000000df900000)
  to   space 9216K, 0% used [0x00000000de780000,0x00000000de780000,0x00000000df080000)
 ParOldGen       total 84992K, used 5863K [0x0000000084400000, 0x0000000089700000, 0x00000000d6c00000)
  object space 84992K, 6% used [0x0000000084400000,0x00000000849b9f88,0x0000000089700000)
 Metaspace       used 17542K, capacity 17740K, committed 17920K, reserved 1064960K
  class space    used 2136K, capacity 2185K, committed 2304K, reserved 1048576K
Event: 4.646 GC heap after
Heap after GC invocations=7 (full 0):
 PSYoungGen      total 135680K, used 9200K [0x00000000d6c00000, 0x00000000e7b00000, 0x0000000100000000)
  eden space 126464K, 0% used [0x00000000d6c00000,0x00000000d6c00000,0x00000000de780000)
  from space 9216K, 99% used [0x00000000de780000,0x00000000df07c010,0x00000000df080000)
  to   space 12288K, 0% used [0x00000000e6f00000,0x00000000e6f00000,0x00000000e7b00000)
 ParOldGen       total 84992K, used 9622K [0x0000000084400000, 0x0000000089700000, 0x00000000d6c00000)
  object space 84992K, 11% used [0x0000000084400000,0x0000000084d65820,0x0000000089700000)
 Metaspace       used 17542K, capacity 17740K, committed 17920K, reserved 1064960K
  class space    used 2136K, capacity 2185K, committed 2304K, reserved 1048576K
}
Event: 5.635 GC heap before
{Heap before GC invocations=8 (full 0):
 PSYoungGen      total 135680K, used 123514K [0x00000000d6c00000, 0x00000000e7b00000, 0x0000000100000000)
  eden space 126464K, 90% used [0x00000000d6c00000,0x00000000ddba2b10,0x00000000de780000)
  from space 9216K, 99% used [0x00000000de780000,0x00000000df07c010,0x00000000df080000)
  to   space 12288K, 0% used [0x00000000e6f00000,0x00000000e6f00000,0x00000000e7b00000)
 ParOldGen       total 84992K, used 9622K [0x0000000084400000, 0x0000000089700000, 0x00000000d6c00000)
  object space 84992K, 11% used [0x0000000084400000,0x0000000084d65820,0x0000000089700000)
 Metaspace       used 20973K, capacity 21164K, committed 21296K, reserved 1069056K
  class space    used 2626K, capacity 2665K, committed 2688K, reserved 1048576K
Event: 5.690 GC heap after
Heap after GC invocations=8 (full 0):
 PSYoungGen      total 262144K, used 12272K [0x00000000d6c00000, 0x00000000e8100000, 0x0000000100000000)
  eden space 249856K, 0% used [0x00000000d6c00000,0x00000000d6c00000,0x00000000e6000000)
  from space 12288K, 99% used [0x00000000e6f00000,0x00000000e7afc170,0x00000000e7b00000)
  to   space 15360K, 0% used [0x00000000e6000000,0x00000000e6000000,0x00000000e6f00000)
 ParOldGen       total 84992K, used 13291K [0x0000000084400000, 0x0000000089700000, 0x00000000d6c00000)
  object space 84992K, 15% used [0x0000000084400000,0x00000000850faeb0,0x0000000089700000)
 Metaspace       used 20973K, capacity 21164K, committed 21296K, reserved 1069056K
  class space    used 2626K, capacity 2665K, committed 2688K, reserved 1048576K
}
Event: 5.690 GC heap before
{Heap before GC invocations=9 (full 1):
 PSYoungGen      total 262144K, used 12272K [0x00000000d6c00000, 0x00000000e8100000, 0x0000000100000000)
  eden space 249856K, 0% used [0x00000000d6c00000,0x00000000d6c00000,0x00000000e6000000)
  from space 12288K, 99% used [0x00000000e6f00000,0x00000000e7afc170,0x00000000e7b00000)
  to   space 15360K, 0% used [0x00000000e6000000,0x00000000e6000000,0x00000000e6f00000)
 ParOldGen       total 84992K, used 13291K [0x0000000084400000, 0x0000000089700000, 0x00000000d6c00000)
  object space 84992K, 15% used [0x0000000084400000,0x00000000850faeb0,0x0000000089700000)
 Metaspace       used 20973K, capacity 21164K, committed 21296K, reserved 1069056K
  class space    used 2626K, capacity 2665K, committed 2688K, reserved 1048576K
Event: 5.822 GC heap after
Heap after GC invocations=9 (full 1):
 PSYoungGen      total 262144K, used 0K [0x00000000d6c00000, 0x00000000e8100000, 0x0000000100000000)
  eden space 249856K, 0% used [0x00000000d6c00000,0x00000000d6c00000,0x00000000e6000000)
  from space 12288K, 0% used [0x00000000e6f00000,0x00000000e6f00000,0x00000000e7b00000)
  to   space 15360K, 0% used [0x00000000e6000000,0x00000000e6000000,0x00000000e6f00000)
 ParOldGen       total 71168K, used 21363K [0x0000000084400000, 0x0000000088980000, 0x00000000d6c00000)
  object space 71168K, 30% used [0x0000000084400000,0x00000000858dcd88,0x0000000088980000)
 Metaspace       used 20973K, capacity 21164K, committed 21296K, reserved 1069056K
  class space    used 2626K, capacity 2665K, committed 2688K, reserved 1048576K
}
Event: 7.927 GC heap before
{Heap before GC invocations=10 (full 1):
 PSYoungGen      total 262144K, used 91794K [0x00000000d6c00000, 0x00000000e8100000, 0x0000000100000000)
  eden space 249856K, 36% used [0x00000000d6c00000,0x00000000dc5a48a0,0x00000000e6000000)
  from space 12288K, 0% used [0x00000000e6f00000,0x00000000e6f00000,0x00000000e7b00000)
  to   space 15360K, 0% used [0x00000000e6000000,0x00000000e6000000,0x00000000e6f00000)
 ParOldGen       total 71168K, used 21363K [0x0000000084400000, 0x0000000088980000, 0x00000000d6c00000)
  object space 71168K, 30% used [0x0000000084400000,0x00000000858dcd88,0x0000000088980000)
 Metaspace       used 34842K, capacity 35232K, committed 35496K, reserved 1081344K
  class space    used 4480K, capacity 4594K, committed 4608K, reserved 1048576K
Event: 7.943 GC heap after
Heap after GC invocations=10 (full 1):
 PSYoungGen      total 265216K, used 14193K [0x00000000d6c00000, 0x00000000ed300000, 0x0000000100000000)
  eden space 249856K, 0% used [0x00000000d6c00000,0x00000000d6c00000,0x00000000e6000000)
  from space 15360K, 92% used [0x00000000e6000000,0x00000000e6ddc740,0x00000000e6f00000)
  to   space 16896K, 0% used [0x00000000ec280000,0x00000000ec280000,0x00000000ed300000)
 ParOldGen       total 71168K, used 21371K [0x0000000084400000, 0x0000000088980000, 0x00000000d6c00000)
  object space 71168K, 30% used [0x0000000084400000,0x00000000858ded88,0x0000000088980000)
 Metaspace       used 34842K, capacity 35232K, committed 35496K, reserved 1081344K
  class space    used 4480K, capacity 4594K, committed 4608K, reserved 1048576K
}
Event: 7.943 GC heap before
{Heap before GC invocations=11 (full 2):
 PSYoungGen      total 265216K, used 14193K [0x00000000d6c00000, 0x00000000ed300000, 0x0000000100000000)
  eden space 249856K, 0% used [0x00000000d6c00000,0x00000000d6c00000,0x00000000e6000000)
  from space 15360K, 92% used [0x00000000e6000000,0x00000000e6ddc740,0x00000000e6f00000)
  to   space 16896K, 0% used [0x00000000ec280000,0x00000000ec280000,0x00000000ed300000)
 ParOldGen       total 71168K, used 21371K [0x0000000084400000, 0x0000000088980000, 0x00000000d6c00000)
  object space 71168K, 30% used [0x0000000084400000,0x00000000858ded88,0x0000000088980000)
 Metaspace       used 34842K, capacity 35232K, committed 35496K, reserved 1081344K
  class space    used 4480K, capacity 4594K, committed 4608K, reserved 1048576K
Event: 8.060 GC heap after
Heap after GC invocations=11 (full 2):
 PSYoungGen      total 265216K, used 0K [0x00000000d6c00000, 0x00000000ed300000, 0x0000000100000000)
  eden space 249856K, 0% used [0x00000000d6c00000,0x00000000d6c00000,0x00000000e6000000)
  from space 15360K, 0% used [0x00000000e6000000,0x00000000e6000000,0x00000000e6f00000)
  to   space 16896K, 0% used [0x00000000ec280000,0x00000000ec280000,0x00000000ed300000)
 ParOldGen       total 107520K, used 32074K [0x0000000084400000, 0x000000008ad00000, 0x00000000d6c00000)
  object space 107520K, 29% used [0x0000000084400000,0x0000000086352af0,0x000000008ad00000)
 Metaspace       used 34841K, capacity 35230K, committed 35496K, reserved 1081344K
  class space    used 4480K, capacity 4593K, committed 4608K, reserved 1048576K
}

