# JRE version: Java(TM) SE Runtime Environment (8.0_51-b16) (build 1.8.0_51-b16)
# Java VM: Java HotSpot(TM) 64-Bit Server VM (25.51-b03 mixed mode windows-amd64 compressed oops)
Heap:
 PSYoungGen      total 260096K, used 6056K [0x00000000d6c00000, 0x00000000f1400000, 0x0000000100000000)
  eden space 247808K, 2% used [0x00000000d6c00000,0x00000000d71ea018,0x00000000e5e00000)
  from space 12288K, 0% used [0x00000000e7000000,0x00000000e7000000,0x00000000e7c00000)
  to   space 18432K, 0% used [0x00000000e5e00000,0x00000000e5e00000,0x00000000e7000000)
 ParOldGen       total 108032K, used 35289K [0x0000000084400000, 0x000000008ad80000, 0x00000000d6c00000)
  object space 108032K, 32% used [0x0000000084400000,0x00000000866765f8,0x000000008ad80000)
 Metaspace       used 35180K, capacity 35760K, committed 36056K, reserved 1083392K
  class space    used 4525K, capacity 4793K, committed 4864K, reserved 1048576K
GC Heap History (10 events):
Event: 6.578 GC heap before
{Heap before GC invocations=6 (full 0):
 PSYoungGen      total 132096K, used 132090K [0x00000000d6c00000, 0x00000000e7c00000, 0x0000000100000000)
  eden space 126976K, 100% used [0x00000000d6c00000,0x00000000de800000,0x00000000de800000)
  from space 5120K, 99% used [0x00000000de800000,0x00000000decfeb50,0x00000000ded00000)
  to   space 12288K, 0% used [0x00000000e7000000,0x00000000e7000000,0x00000000e7c00000)
 ParOldGen       total 84992K, used 13093K [0x0000000084400000, 0x0000000089700000, 0x00000000d6c00000)
  object space 84992K, 15% used [0x0000000084400000,0x00000000850c9598,0x0000000089700000)
 Metaspace       used 17290K, capacity 17474K, committed 17664K, reserved 1064960K
  class space    used 2136K, capacity 2184K, committed 2304K, reserved 1048576K
Event: 6.602 GC heap after
Heap after GC invocations=6 (full 0):
 PSYoungGen      total 265216K, used 10874K [0x00000000d6c00000, 0x00000000e7e00000, 0x0000000100000000)
  eden space 252928K, 0% used [0x00000000d6c00000,0x00000000d6c00000,0x00000000e6300000)
  from space 12288K, 88% used [0x00000000e7000000,0x00000000e7a9eb50,0x00000000e7c00000)
  to   space 13312K, 0% used [0x00000000e6300000,0x00000000e6300000,0x00000000e7000000)
 ParOldGen       total 84992K, used 13093K [0x0000000084400000, 0x0000000089700000, 0x00000000d6c00000)
  object space 84992K, 15% used [0x0000000084400000,0x00000000850c9598,0x0000000089700000)
 Metaspace       used 17290K, capacity 17474K, committed 17664K, reserved 1064960K
  class space    used 2136K, capacity 2184K, committed 2304K, reserved 1048576K
}
Event: 7.373 GC heap before
{Heap before GC invocations=7 (full 0):
 PSYoungGen      total 265216K, used 66173K [0x00000000d6c00000, 0x00000000e7e00000, 0x0000000100000000)
  eden space 252928K, 21% used [0x00000000d6c00000,0x00000000da200c30,0x00000000e6300000)
  from space 12288K, 88% used [0x00000000e7000000,0x00000000e7a9eb50,0x00000000e7c00000)
  to   space 13312K, 0% used [0x00000000e6300000,0x00000000e6300000,0x00000000e7000000)
 ParOldGen       total 84992K, used 13093K [0x0000000084400000, 0x0000000089700000, 0x00000000d6c00000)
  object space 84992K, 15% used [0x0000000084400000,0x00000000850c9598,0x0000000089700000)
 Metaspace       used 20912K, capacity 21090K, committed 21248K, reserved 1067008K
  class space    used 2673K, capacity 2728K, committed 2816K, reserved 1048576K
Event: 7.394 GC heap after
Heap after GC invocations=7 (full 0):
 PSYoungGen      total 266240K, used 13291K [0x00000000d6c00000, 0x00000000e7e00000, 0x0000000100000000)
  eden space 252928K, 0% used [0x00000000d6c00000,0x00000000d6c00000,0x00000000e6300000)
  from space 13312K, 99% used [0x00000000e6300000,0x00000000e6ffad40,0x00000000e7000000)
  to   space 12288K, 0% used [0x00000000e7000000,0x00000000e7000000,0x00000000e7c00000)
 ParOldGen       total 84992K, used 15565K [0x0000000084400000, 0x0000000089700000, 0x00000000d6c00000)
  object space 84992K, 18% used [0x0000000084400000,0x0000000085333538,0x0000000089700000)
 Metaspace       used 20912K, capacity 21090K, committed 21248K, reserved 1067008K
  class space    used 2673K, capacity 2728K, committed 2816K, reserved 1048576K
}
Event: 7.394 GC heap before
{Heap before GC invocations=8 (full 1):
 PSYoungGen      total 266240K, used 13291K [0x00000000d6c00000, 0x00000000e7e00000, 0x0000000100000000)
  eden space 252928K, 0% used [0x00000000d6c00000,0x00000000d6c00000,0x00000000e6300000)
  from space 13312K, 99% used [0x00000000e6300000,0x00000000e6ffad40,0x00000000e7000000)
  to   space 12288K, 0% used [0x00000000e7000000,0x00000000e7000000,0x00000000e7c00000)
 ParOldGen       total 84992K, used 15565K [0x0000000084400000, 0x0000000089700000, 0x00000000d6c00000)
  object space 84992K, 18% used [0x0000000084400000,0x0000000085333538,0x0000000089700000)
 Metaspace       used 20912K, capacity 21090K, committed 21248K, reserved 1067008K
  class space    used 2673K, capacity 2728K, committed 2816K, reserved 1048576K
Event: 7.527 GC heap after
Heap after GC invocations=8 (full 1):
 PSYoungGen      total 266240K, used 0K [0x00000000d6c00000, 0x00000000e7e00000, 0x0000000100000000)
  eden space 252928K, 0% used [0x00000000d6c00000,0x00000000d6c00000,0x00000000e6300000)
  from space 13312K, 0% used [0x00000000e6300000,0x00000000e6300000,0x00000000e7000000)
  to   space 12288K, 0% used [0x00000000e7000000,0x00000000e7000000,0x00000000e7c00000)
 ParOldGen       total 72704K, used 22491K [0x0000000084400000, 0x0000000088b00000, 0x00000000d6c00000)
  object space 72704K, 30% used [0x0000000084400000,0x00000000859f6f18,0x0000000088b00000)
 Metaspace       used 20912K, capacity 21090K, committed 21248K, reserved 1067008K
  class space    used 2673K, capacity 2728K, committed 2816K, reserved 1048576K
}
Event: 11.018 GC heap before
{Heap before GC invocations=9 (full 1):
 PSYoungGen      total 266240K, used 163476K [0x00000000d6c00000, 0x00000000e7e00000, 0x0000000100000000)
  eden space 252928K, 64% used [0x00000000d6c00000,0x00000000e0ba5290,0x00000000e6300000)
  from space 13312K, 0% used [0x00000000e6300000,0x00000000e6300000,0x00000000e7000000)
  to   space 12288K, 0% used [0x00000000e7000000,0x00000000e7000000,0x00000000e7c00000)
 ParOldGen       total 72704K, used 22491K [0x0000000084400000, 0x0000000088b00000, 0x00000000d6c00000)
  object space 72704K, 30% used [0x0000000084400000,0x00000000859f6f18,0x0000000088b00000)
 Metaspace       used 34505K, capacity 35120K, committed 35416K, reserved 1079296K
  class space    used 4456K, capacity 4729K, committed 4736K, reserved 1048576K
Event: 11.033 GC heap after
Heap after GC invocations=9 (full 1):
 PSYoungGen      total 260096K, used 12268K [0x00000000d6c00000, 0x00000000f1400000, 0x0000000100000000)
  eden space 247808K, 0% used [0x00000000d6c00000,0x00000000d6c00000,0x00000000e5e00000)
  from space 12288K, 99% used [0x00000000e7000000,0x00000000e7bfb0b0,0x00000000e7c00000)
  to   space 18432K, 0% used [0x00000000e5e00000,0x00000000e5e00000,0x00000000e7000000)
 ParOldGen       total 72704K, used 26668K [0x0000000084400000, 0x0000000088b00000, 0x00000000d6c00000)
  object space 72704K, 36% used [0x0000000084400000,0x0000000085e0b148,0x0000000088b00000)
 Metaspace       used 34505K, capacity 35120K, committed 35416K, reserved 1079296K
  class space    used 4456K, capacity 4729K, committed 4736K, reserved 1048576K
}
Event: 11.033 GC heap before
{Heap before GC invocations=10 (full 2):
 PSYoungGen      total 260096K, used 12268K [0x00000000d6c00000, 0x00000000f1400000, 0x0000000100000000)
  eden space 247808K, 0% used [0x00000000d6c00000,0x00000000d6c00000,0x00000000e5e00000)
  from space 12288K, 99% used [0x00000000e7000000,0x00000000e7bfb0b0,0x00000000e7c00000)
  to   space 18432K, 0% used [0x00000000e5e00000,0x00000000e5e00000,0x00000000e7000000)
 ParOldGen       total 72704K, used 26668K [0x0000000084400000, 0x0000000088b00000, 0x00000000d6c00000)
  object space 72704K, 36% used [0x0000000084400000,0x0000000085e0b148,0x0000000088b00000)
 Metaspace       used 34505K, capacity 35120K, committed 35416K, reserved 1079296K
  class space    used 4456K, capacity 4729K, committed 4736K, reserved 1048576K
Event: 11.145 GC heap after
Heap after GC invocations=10 (full 2):
 PSYoungGen      total 260096K, used 0K [0x00000000d6c00000, 0x00000000f1400000, 0x0000000100000000)
  eden space 247808K, 0% used [0x00000000d6c00000,0x00000000d6c00000,0x00000000e5e00000)
  from space 12288K, 0% used [0x00000000e7000000,0x00000000e7000000,0x00000000e7c00000)
  to   space 18432K, 0% used [0x00000000e5e00000,0x00000000e5e00000,0x00000000e7000000)
 ParOldGen       total 108032K, used 35289K [0x0000000084400000, 0x000000008ad80000, 0x00000000d6c00000)
  object space 108032K, 32% used [0x0000000084400000,0x00000000866765f8,0x000000008ad80000)
 Metaspace       used 34505K, capacity 35120K, committed 35416K, reserved 1079296K
  class space    used 4456K, capacity 4729K, committed 4736K, reserved 1048576K
}

