# JRE version: Java(TM) SE Runtime Environment (8.0_25-b18) (build 1.8.0_25-b18)
# Java VM: Java HotSpot(TM) 64-Bit Server VM (25.25-b02 mixed mode windows-amd64 compressed oops)
Heap:
 PSYoungGen      total 264704K, used 10713K [0x00000000d6c00000, 0x00000000e8100000, 0x0000000100000000)
  eden space 249344K, 4% used [0x00000000d6c00000,0x00000000d76765c0,0x00000000e5f80000)
  from space 15360K, 0% used [0x00000000e5f80000,0x00000000e5f80000,0x00000000e6e80000)
  to   space 11776K, 0% used [0x00000000e6e80000,0x00000000e6e80000,0x00000000e7a00000)
 ParOldGen       total 70144K, used 33911K [0x0000000084400000, 0x0000000088880000, 0x00000000d6c00000)
  object space 70144K, 48% used [0x0000000084400000,0x000000008651df60,0x0000000088880000)
 Metaspace       used 35846K, capacity 36234K, committed 36648K, reserved 1083392K
  class space    used 4550K, capacity 4691K, committed 4736K, reserved 1048576K
GC Heap History (10 events):
Event: 7.383 GC heap before
{Heap before GC invocations=7 (full 0):
 PSYoungGen      total 135168K, used 134202K [0x00000000d6c00000, 0x00000000dfa00000, 0x0000000100000000)
  eden space 126464K, 100% used [0x00000000d6c00000,0x00000000de780000,0x00000000de780000)
  from space 8704K, 88% used [0x00000000df080000,0x00000000df80eb28,0x00000000df900000)
  to   space 9216K, 0% used [0x00000000de780000,0x00000000de780000,0x00000000df080000)
 ParOldGen       total 84992K, used 5823K [0x0000000084400000, 0x0000000089700000, 0x00000000d6c00000)
  object space 84992K, 6% used [0x0000000084400000,0x00000000849afcf8,0x0000000089700000)
 Metaspace       used 17547K, capacity 17740K, committed 17920K, reserved 1064960K
  class space    used 2137K, capacity 2185K, committed 2304K, reserved 1048576K
Event: 7.411 GC heap after
Heap after GC invocations=7 (full 0):
 PSYoungGen      total 135680K, used 9184K [0x00000000d6c00000, 0x00000000e7a00000, 0x0000000100000000)
  eden space 126464K, 0% used [0x00000000d6c00000,0x00000000d6c00000,0x00000000de780000)
  from space 9216K, 99% used [0x00000000de780000,0x00000000df078020,0x00000000df080000)
  to   space 11776K, 0% used [0x00000000e6e80000,0x00000000e6e80000,0x00000000e7a00000)
 ParOldGen       total 84992K, used 9319K [0x0000000084400000, 0x0000000089700000, 0x00000000d6c00000)
  object space 84992K, 10% used [0x0000000084400000,0x0000000084d19df8,0x0000000089700000)
 Metaspace       used 17547K, capacity 17740K, committed 17920K, reserved 1064960K
  class space    used 2137K, capacity 2185K, committed 2304K, reserved 1048576K
}
Event: 8.538 GC heap before
{Heap before GC invocations=8 (full 0):
 PSYoungGen      total 135680K, used 121320K [0x00000000d6c00000, 0x00000000e7a00000, 0x0000000100000000)
  eden space 126464K, 88% used [0x00000000d6c00000,0x00000000dd982170,0x00000000de780000)
  from space 9216K, 99% used [0x00000000de780000,0x00000000df078020,0x00000000df080000)
  to   space 11776K, 0% used [0x00000000e6e80000,0x00000000e6e80000,0x00000000e7a00000)
 ParOldGen       total 84992K, used 9319K [0x0000000084400000, 0x0000000089700000, 0x00000000d6c00000)
  object space 84992K, 10% used [0x0000000084400000,0x0000000084d19df8,0x0000000089700000)
 Metaspace       used 20958K, capacity 21164K, committed 21296K, reserved 1069056K
  class space    used 2626K, capacity 2665K, committed 2688K, reserved 1048576K
Event: 8.566 GC heap after
Heap after GC invocations=8 (full 0):
 PSYoungGen      total 261120K, used 11750K [0x00000000d6c00000, 0x00000000e8100000, 0x0000000100000000)
  eden space 249344K, 0% used [0x00000000d6c00000,0x00000000d6c00000,0x00000000e5f80000)
  from space 11776K, 99% used [0x00000000e6e80000,0x00000000e79f9910,0x00000000e7a00000)
  to   space 15360K, 0% used [0x00000000e5f80000,0x00000000e5f80000,0x00000000e6e80000)
 ParOldGen       total 84992K, used 13980K [0x0000000084400000, 0x0000000089700000, 0x00000000d6c00000)
  object space 84992K, 16% used [0x0000000084400000,0x00000000851a70e8,0x0000000089700000)
 Metaspace       used 20958K, capacity 21164K, committed 21296K, reserved 1069056K
  class space    used 2626K, capacity 2665K, committed 2688K, reserved 1048576K
}
Event: 8.566 GC heap before
{Heap before GC invocations=9 (full 1):
 PSYoungGen      total 261120K, used 11750K [0x00000000d6c00000, 0x00000000e8100000, 0x0000000100000000)
  eden space 249344K, 0% used [0x00000000d6c00000,0x00000000d6c00000,0x00000000e5f80000)
  from space 11776K, 99% used [0x00000000e6e80000,0x00000000e79f9910,0x00000000e7a00000)
  to   space 15360K, 0% used [0x00000000e5f80000,0x00000000e5f80000,0x00000000e6e80000)
 ParOldGen       total 84992K, used 13980K [0x0000000084400000, 0x0000000089700000, 0x00000000d6c00000)
  object space 84992K, 16% used [0x0000000084400000,0x00000000851a70e8,0x0000000089700000)
 Metaspace       used 20958K, capacity 21164K, committed 21296K, reserved 1069056K
  class space    used 2626K, capacity 2665K, committed 2688K, reserved 1048576K
Event: 8.742 GC heap after
Heap after GC invocations=9 (full 1):
 PSYoungGen      total 261120K, used 0K [0x00000000d6c00000, 0x00000000e8100000, 0x0000000100000000)
  eden space 249344K, 0% used [0x00000000d6c00000,0x00000000d6c00000,0x00000000e5f80000)
  from space 11776K, 0% used [0x00000000e6e80000,0x00000000e6e80000,0x00000000e7a00000)
  to   space 15360K, 0% used [0x00000000e5f80000,0x00000000e5f80000,0x00000000e6e80000)
 ParOldGen       total 70144K, used 21758K [0x0000000084400000, 0x0000000088880000, 0x00000000d6c00000)
  object space 70144K, 31% used [0x0000000084400000,0x000000008593f808,0x0000000088880000)
 Metaspace       used 20958K, capacity 21164K, committed 21296K, reserved 1069056K
  class space    used 2626K, capacity 2665K, committed 2688K, reserved 1048576K
}
Event: 11.891 GC heap before
{Heap before GC invocations=10 (full 1):
 PSYoungGen      total 261120K, used 137995K [0x00000000d6c00000, 0x00000000e8100000, 0x0000000100000000)
  eden space 249344K, 55% used [0x00000000d6c00000,0x00000000df2c2f58,0x00000000e5f80000)
  from space 11776K, 0% used [0x00000000e6e80000,0x00000000e6e80000,0x00000000e7a00000)
  to   space 15360K, 0% used [0x00000000e5f80000,0x00000000e5f80000,0x00000000e6e80000)
 ParOldGen       total 70144K, used 21758K [0x0000000084400000, 0x0000000088880000, 0x00000000d6c00000)
  object space 70144K, 31% used [0x0000000084400000,0x000000008593f808,0x0000000088880000)
 Metaspace       used 34959K, capacity 35308K, committed 35496K, reserved 1081344K
  class space    used 4465K, capacity 4596K, committed 4608K, reserved 1048576K
Event: 11.910 GC heap after
Heap after GC invocations=10 (full 1):
 PSYoungGen      total 264704K, used 15357K [0x00000000d6c00000, 0x00000000e8100000, 0x0000000100000000)
  eden space 249344K, 0% used [0x00000000d6c00000,0x00000000d6c00000,0x00000000e5f80000)
  from space 15360K, 99% used [0x00000000e5f80000,0x00000000e6e7f450,0x00000000e6e80000)
  to   space 11776K, 0% used [0x00000000e6e80000,0x00000000e6e80000,0x00000000e7a00000)
 ParOldGen       total 70144K, used 22033K [0x0000000084400000, 0x0000000088880000, 0x00000000d6c00000)
  object space 70144K, 31% used [0x0000000084400000,0x0000000085984660,0x0000000088880000)
 Metaspace       used 34959K, capacity 35308K, committed 35496K, reserved 1081344K
  class space    used 4465K, capacity 4596K, committed 4608K, reserved 1048576K
}
Event: 11.910 GC heap before
{Heap before GC invocations=11 (full 2):
 PSYoungGen      total 264704K, used 15357K [0x00000000d6c00000, 0x00000000e8100000, 0x0000000100000000)
  eden space 249344K, 0% used [0x00000000d6c00000,0x00000000d6c00000,0x00000000e5f80000)
  from space 15360K, 99% used [0x00000000e5f80000,0x00000000e6e7f450,0x00000000e6e80000)
  to   space 11776K, 0% used [0x00000000e6e80000,0x00000000e6e80000,0x00000000e7a00000)
 ParOldGen       total 70144K, used 22033K [0x0000000084400000, 0x0000000088880000, 0x00000000d6c00000)
  object space 70144K, 31% used [0x0000000084400000,0x0000000085984660,0x0000000088880000)
 Metaspace       used 34959K, capacity 35308K, committed 35496K, reserved 1081344K
  class space    used 4465K, capacity 4596K, committed 4608K, reserved 1048576K
Event: 12.025 GC heap after
Heap after GC invocations=11 (full 2):
 PSYoungGen      total 264704K, used 0K [0x00000000d6c00000, 0x00000000e8100000, 0x0000000100000000)
  eden space 249344K, 0% used [0x00000000d6c00000,0x00000000d6c00000,0x00000000e5f80000)
  from space 15360K, 0% used [0x00000000e5f80000,0x00000000e5f80000,0x00000000e6e80000)
  to   space 11776K, 0% used [0x00000000e6e80000,0x00000000e6e80000,0x00000000e7a00000)
 ParOldGen       total 70144K, used 33911K [0x0000000084400000, 0x0000000088880000, 0x00000000d6c00000)
  object space 70144K, 48% used [0x0000000084400000,0x000000008651df60,0x0000000088880000)
 Metaspace       used 34958K, capacity 35306K, committed 35496K, reserved 1081344K
  class space    used 4464K, capacity 4595K, committed 4608K, reserved 1048576K
}

